<?xml version="1.0" encoding="UTF-8"?>
<!-- Generated by org.testng.reporters.JUnitReportReporter -->
<testsuite hostname="IAD-5CG00974HS" failures="0" tests="1" name="com.pages.PhptravelHome" time="48.430" errors="0" timestamp="2023-01-01T21:25:53 EST" skipped="0">
  <testcase classname="com.pages.PhptravelHome" name="homepageTest" time="48.430"/>
  <system-out/>
</testsuite> <!-- com.pages.PhptravelHome -->
